# JRE version: OpenJDK Runtime Environment Microsoft-8035246 (17.0.8+7) (build 17.0.8+7-LTS)
# Java VM: OpenJDK 64-Bit Server VM Microsoft-8035246 (17.0.8+7-LTS, mixed mode, sharing, tiered, compressed oops, compressed class ptrs, g1 gc, windows-amd64)
GC Precious Log:
 CPUs: 12 total, 12 available
 Memory: 15775M
 Large Page Support: Disabled
 NUMA Support: Disabled
 Compressed Oops: Enabled (32-bit)
 Heap Region Size: 1M
 Heap Min Capacity: 8M
 Heap Initial Capacity: 248M
 Heap Max Capacity: 2G
 Pre-touch: Disabled
 Parallel Workers: 10
 Concurrent Workers: 3
 Concurrent Refinement Workers: 10
 Periodic GC: Disabled
Heap:
 garbage-first heap   total 302080K, used 217265K [0x0000000080000000, 0x0000000100000000)
  region size 1024K, 23 young (23552K), 7 survivors (7168K)
 Metaspace       used 113343K, committed 114688K, reserved 557056K
  class space    used 15713K, committed 16320K, reserved 425984K
GC Heap History (20 events):
Event: 29.638 GC heap before
{Heap before GC invocations=51 (full 0):
 garbage-first heap   total 168960K, used 141421K [0x0000000080000000, 0x0000000100000000)
  region size 1024K, 12 young (12288K), 3 survivors (3072K)
 Metaspace       used 101606K, committed 102592K, reserved 557056K
  class space    used 14150K, committed 14592K, reserved 425984K
}
Event: 29.641 GC heap after
{Heap after GC invocations=52 (full 0):
 garbage-first heap   total 168960K, used 134946K [0x0000000080000000, 0x0000000100000000)
  region size 1024K, 2 young (2048K), 2 survivors (2048K)
 Metaspace       used 101606K, committed 102592K, reserved 557056K
  class space    used 14150K, committed 14592K, reserved 425984K
}
Event: 29.772 GC heap before
{Heap before GC invocations=53 (full 0):
 garbage-first heap   total 234496K, used 143138K [0x0000000080000000, 0x0000000100000000)
  region size 1024K, 10 young (10240K), 2 survivors (2048K)
 Metaspace       used 101866K, committed 102912K, reserved 557056K
  class space    used 14190K, committed 14656K, reserved 425984K
}
Event: 29.776 GC heap after
{Heap after GC invocations=54 (full 0):
 garbage-first heap   total 234496K, used 137182K [0x0000000080000000, 0x0000000100000000)
  region size 1024K, 2 young (2048K), 2 survivors (2048K)
 Metaspace       used 101866K, committed 102912K, reserved 557056K
  class space    used 14190K, committed 14656K, reserved 425984K
}
Event: 29.912 GC heap before
{Heap before GC invocations=54 (full 0):
 garbage-first heap   total 234496K, used 145374K [0x0000000080000000, 0x0000000100000000)
  region size 1024K, 11 young (11264K), 2 survivors (2048K)
 Metaspace       used 102036K, committed 103104K, reserved 557056K
  class space    used 14192K, committed 14656K, reserved 425984K
}
Event: 29.916 GC heap after
{Heap after GC invocations=55 (full 0):
 garbage-first heap   total 234496K, used 137220K [0x0000000080000000, 0x0000000100000000)
  region size 1024K, 2 young (2048K), 2 survivors (2048K)
 Metaspace       used 102036K, committed 103104K, reserved 557056K
  class space    used 14192K, committed 14656K, reserved 425984K
}
Event: 30.573 GC heap before
{Heap before GC invocations=55 (full 0):
 garbage-first heap   total 234496K, used 191492K [0x0000000080000000, 0x0000000100000000)
  region size 1024K, 52 young (53248K), 2 survivors (2048K)
 Metaspace       used 102562K, committed 103744K, reserved 557056K
  class space    used 14257K, committed 14784K, reserved 425984K
}
Event: 30.586 GC heap after
{Heap after GC invocations=56 (full 0):
 garbage-first heap   total 302080K, used 154466K [0x0000000080000000, 0x0000000100000000)
  region size 1024K, 7 young (7168K), 7 survivors (7168K)
 Metaspace       used 102562K, committed 103744K, reserved 557056K
  class space    used 14257K, committed 14784K, reserved 425984K
}
Event: 31.525 GC heap before
{Heap before GC invocations=56 (full 0):
 garbage-first heap   total 302080K, used 235362K [0x0000000080000000, 0x0000000100000000)
  region size 1024K, 86 young (88064K), 7 survivors (7168K)
 Metaspace       used 108415K, committed 109632K, reserved 557056K
  class space    used 15074K, committed 15616K, reserved 425984K
}
Event: 31.530 GC heap after
{Heap after GC invocations=57 (full 0):
 garbage-first heap   total 302080K, used 161034K [0x0000000080000000, 0x0000000100000000)
  region size 1024K, 11 young (11264K), 11 survivors (11264K)
 Metaspace       used 108415K, committed 109632K, reserved 557056K
  class space    used 15074K, committed 15616K, reserved 425984K
}
Event: 32.266 GC heap before
{Heap before GC invocations=57 (full 0):
 garbage-first heap   total 302080K, used 239882K [0x0000000080000000, 0x0000000100000000)
  region size 1024K, 88 young (90112K), 11 survivors (11264K)
 Metaspace       used 110997K, committed 112256K, reserved 557056K
  class space    used 15381K, committed 15936K, reserved 425984K
}
Event: 32.276 GC heap after
{Heap after GC invocations=58 (full 0):
 garbage-first heap   total 302080K, used 170629K [0x0000000080000000, 0x0000000100000000)
  region size 1024K, 11 young (11264K), 11 survivors (11264K)
 Metaspace       used 110997K, committed 112256K, reserved 557056K
  class space    used 15381K, committed 15936K, reserved 425984K
}
Event: 32.778 GC heap before
{Heap before GC invocations=58 (full 0):
 garbage-first heap   total 302080K, used 243333K [0x0000000080000000, 0x0000000100000000)
  region size 1024K, 82 young (83968K), 11 survivors (11264K)
 Metaspace       used 111554K, committed 112768K, reserved 557056K
  class space    used 15424K, committed 16000K, reserved 425984K
}
Event: 32.789 GC heap after
{Heap after GC invocations=59 (full 0):
 garbage-first heap   total 302080K, used 178684K [0x0000000080000000, 0x0000000100000000)
  region size 1024K, 8 young (8192K), 8 survivors (8192K)
 Metaspace       used 111554K, committed 112768K, reserved 557056K
  class space    used 15424K, committed 16000K, reserved 425984K
}
Event: 33.180 GC heap before
{Heap before GC invocations=59 (full 0):
 garbage-first heap   total 302080K, used 245244K [0x0000000080000000, 0x0000000100000000)
  region size 1024K, 73 young (74752K), 8 survivors (8192K)
 Metaspace       used 112725K, committed 114048K, reserved 557056K
  class space    used 15660K, committed 16256K, reserved 425984K
}
Event: 33.189 GC heap after
{Heap after GC invocations=60 (full 0):
 garbage-first heap   total 302080K, used 185094K [0x0000000080000000, 0x0000000100000000)
  region size 1024K, 6 young (6144K), 6 survivors (6144K)
 Metaspace       used 112725K, committed 114048K, reserved 557056K
  class space    used 15660K, committed 16256K, reserved 425984K
}
Event: 33.504 GC heap before
{Heap before GC invocations=60 (full 0):
 garbage-first heap   total 302080K, used 248582K [0x0000000080000000, 0x0000000100000000)
  region size 1024K, 69 young (70656K), 6 survivors (6144K)
 Metaspace       used 113164K, committed 114496K, reserved 557056K
  class space    used 15702K, committed 16320K, reserved 425984K
}
Event: 33.510 GC heap after
{Heap after GC invocations=61 (full 0):
 garbage-first heap   total 302080K, used 191308K [0x0000000080000000, 0x0000000100000000)
  region size 1024K, 8 young (8192K), 8 survivors (8192K)
 Metaspace       used 113164K, committed 114496K, reserved 557056K
  class space    used 15702K, committed 16320K, reserved 425984K
}
Event: 33.765 GC heap before
{Heap before GC invocations=61 (full 0):
 garbage-first heap   total 302080K, used 248652K [0x0000000080000000, 0x0000000100000000)
  region size 1024K, 65 young (66560K), 8 survivors (8192K)
 Metaspace       used 113221K, committed 114496K, reserved 557056K
  class space    used 15702K, committed 16320K, reserved 425984K
}
Event: 33.770 GC heap after
{Heap after GC invocations=62 (full 0):
 garbage-first heap   total 302080K, used 194479K [0x0000000080000000, 0x0000000100000000)
  region size 1024K, 5 young (5120K), 5 survivors (5120K)
 Metaspace       used 113221K, committed 114496K, reserved 557056K
  class space    used 15702K, committed 16320K, reserved 425984K
}

