# JRE version: OpenJDK Runtime Environment Microsoft-8035246 (17.0.8+7) (build 17.0.8+7-LTS)
# Java VM: OpenJDK 64-Bit Server VM Microsoft-8035246 (17.0.8+7-LTS, mixed mode, sharing, tiered, compressed oops, compressed class ptrs, g1 gc, windows-amd64)
GC Precious Log:
 CPUs: 12 total, 12 available
 Memory: 15775M
 Large Page Support: Disabled
 NUMA Support: Disabled
 Compressed Oops: Enabled (32-bit)
 Heap Region Size: 1M
 Heap Min Capacity: 8M
 Heap Initial Capacity: 248M
 Heap Max Capacity: 2G
 Pre-touch: Disabled
 Parallel Workers: 10
 Concurrent Workers: 3
 Concurrent Refinement Workers: 10
 Periodic GC: Disabled
Heap:
 garbage-first heap   total 258048K, used 217221K [0x0000000080000000, 0x0000000100000000)
  region size 1024K, 27 young (27648K), 4 survivors (4096K)
 Metaspace       used 113394K, committed 114560K, reserved 557056K
  class space    used 15701K, committed 16256K, reserved 425984K
GC Heap History (20 events):
Event: 32.885 GC heap before
{Heap before GC invocations=47 (full 0):
 garbage-first heap   total 215040K, used 184589K [0x0000000080000000, 0x0000000100000000)
  region size 1024K, 25 young (25600K), 4 survivors (4096K)
 Metaspace       used 110362K, committed 111488K, reserved 557056K
  class space    used 15285K, committed 15808K, reserved 425984K
}
Event: 32.890 GC heap after
{Heap after GC invocations=48 (full 0):
 garbage-first heap   total 215040K, used 167178K [0x0000000080000000, 0x0000000100000000)
  region size 1024K, 4 young (4096K), 4 survivors (4096K)
 Metaspace       used 110362K, committed 111488K, reserved 557056K
  class space    used 15285K, committed 15808K, reserved 425984K
}
Event: 33.029 GC heap before
{Heap before GC invocations=48 (full 0):
 garbage-first heap   total 215040K, used 184586K [0x0000000080000000, 0x0000000100000000)
  region size 1024K, 21 young (21504K), 4 survivors (4096K)
 Metaspace       used 110951K, committed 112192K, reserved 557056K
  class space    used 15361K, committed 15936K, reserved 425984K
}
Event: 33.032 GC heap after
{Heap after GC invocations=49 (full 0):
 garbage-first heap   total 215040K, used 169434K [0x0000000080000000, 0x0000000100000000)
  region size 1024K, 3 young (3072K), 3 survivors (3072K)
 Metaspace       used 110951K, committed 112192K, reserved 557056K
  class space    used 15361K, committed 15936K, reserved 425984K
}
Event: 33.151 GC heap before
{Heap before GC invocations=49 (full 0):
 garbage-first heap   total 215040K, used 184794K [0x0000000080000000, 0x0000000100000000)
  region size 1024K, 19 young (19456K), 3 survivors (3072K)
 Metaspace       used 111150K, committed 112384K, reserved 557056K
  class space    used 15377K, committed 15936K, reserved 425984K
}
Event: 33.155 GC heap after
{Heap after GC invocations=50 (full 0):
 garbage-first heap   total 258048K, used 171261K [0x0000000080000000, 0x0000000100000000)
  region size 1024K, 3 young (3072K), 3 survivors (3072K)
 Metaspace       used 111150K, committed 112384K, reserved 557056K
  class space    used 15377K, committed 15936K, reserved 425984K
}
Event: 33.511 GC heap before
{Heap before GC invocations=50 (full 0):
 garbage-first heap   total 258048K, used 211197K [0x0000000080000000, 0x0000000100000000)
  region size 1024K, 42 young (43008K), 3 survivors (3072K)
 Metaspace       used 111356K, committed 112576K, reserved 557056K
  class space    used 15378K, committed 15936K, reserved 425984K
}
Event: 33.516 GC heap after
{Heap after GC invocations=51 (full 0):
 garbage-first heap   total 258048K, used 174565K [0x0000000080000000, 0x0000000100000000)
  region size 1024K, 6 young (6144K), 6 survivors (6144K)
 Metaspace       used 111356K, committed 112576K, reserved 557056K
  class space    used 15378K, committed 15936K, reserved 425984K
}
Event: 33.749 GC heap before
{Heap before GC invocations=51 (full 0):
 garbage-first heap   total 258048K, used 213477K [0x0000000080000000, 0x0000000100000000)
  region size 1024K, 44 young (45056K), 6 survivors (6144K)
 Metaspace       used 111815K, committed 113024K, reserved 557056K
  class space    used 15430K, committed 16000K, reserved 425984K
}
Event: 33.754 GC heap after
{Heap after GC invocations=52 (full 0):
 garbage-first heap   total 258048K, used 179127K [0x0000000080000000, 0x0000000100000000)
  region size 1024K, 5 young (5120K), 5 survivors (5120K)
 Metaspace       used 111815K, committed 113024K, reserved 557056K
  class space    used 15430K, committed 16000K, reserved 425984K
}
Event: 33.966 GC heap before
{Heap before GC invocations=52 (full 0):
 garbage-first heap   total 258048K, used 214967K [0x0000000080000000, 0x0000000100000000)
  region size 1024K, 41 young (41984K), 5 survivors (5120K)
 Metaspace       used 112787K, committed 114048K, reserved 557056K
  class space    used 15657K, committed 16256K, reserved 425984K
}
Event: 33.970 GC heap after
{Heap after GC invocations=53 (full 0):
 garbage-first heap   total 258048K, used 181539K [0x0000000080000000, 0x0000000100000000)
  region size 1024K, 3 young (3072K), 3 survivors (3072K)
 Metaspace       used 112787K, committed 114048K, reserved 557056K
  class space    used 15657K, committed 16256K, reserved 425984K
}
Event: 34.145 GC heap before
{Heap before GC invocations=53 (full 0):
 garbage-first heap   total 258048K, used 217379K [0x0000000080000000, 0x0000000100000000)
  region size 1024K, 39 young (39936K), 3 survivors (3072K)
 Metaspace       used 112963K, committed 114240K, reserved 557056K
  class space    used 15658K, committed 16256K, reserved 425984K
}
Event: 34.148 GC heap after
{Heap after GC invocations=54 (full 0):
 garbage-first heap   total 258048K, used 182355K [0x0000000080000000, 0x0000000100000000)
  region size 1024K, 4 young (4096K), 4 survivors (4096K)
 Metaspace       used 112963K, committed 114240K, reserved 557056K
  class space    used 15658K, committed 16256K, reserved 425984K
}
Event: 34.420 GC heap before
{Heap before GC invocations=54 (full 0):
 garbage-first heap   total 258048K, used 218195K [0x0000000080000000, 0x0000000100000000)
  region size 1024K, 40 young (40960K), 4 survivors (4096K)
 Metaspace       used 113302K, committed 114496K, reserved 557056K
  class space    used 15698K, committed 16256K, reserved 425984K
}
Event: 34.424 GC heap after
{Heap after GC invocations=55 (full 0):
 garbage-first heap   total 258048K, used 186834K [0x0000000080000000, 0x0000000100000000)
  region size 1024K, 5 young (5120K), 5 survivors (5120K)
 Metaspace       used 113302K, committed 114496K, reserved 557056K
  class space    used 15698K, committed 16256K, reserved 425984K
}
Event: 34.544 GC heap before
{Heap before GC invocations=55 (full 0):
 garbage-first heap   total 258048K, used 218578K [0x0000000080000000, 0x0000000100000000)
  region size 1024K, 37 young (37888K), 5 survivors (5120K)
 Metaspace       used 113324K, committed 114560K, reserved 557056K
  class space    used 15698K, committed 16256K, reserved 425984K
}
Event: 34.547 GC heap after
{Heap after GC invocations=56 (full 0):
 garbage-first heap   total 258048K, used 189245K [0x0000000080000000, 0x0000000100000000)
  region size 1024K, 3 young (3072K), 3 survivors (3072K)
 Metaspace       used 113324K, committed 114560K, reserved 557056K
  class space    used 15698K, committed 16256K, reserved 425984K
}
Event: 34.715 GC heap before
{Heap before GC invocations=56 (full 0):
 garbage-first heap   total 258048K, used 220989K [0x0000000080000000, 0x0000000100000000)
  region size 1024K, 34 young (34816K), 3 survivors (3072K)
 Metaspace       used 113357K, committed 114560K, reserved 557056K
  class space    used 15698K, committed 16256K, reserved 425984K
}
Event: 34.718 GC heap after
{Heap after GC invocations=57 (full 0):
 garbage-first heap   total 258048K, used 190597K [0x0000000080000000, 0x0000000100000000)
  region size 1024K, 4 young (4096K), 4 survivors (4096K)
 Metaspace       used 113357K, committed 114560K, reserved 557056K
  class space    used 15698K, committed 16256K, reserved 425984K
}

