# JRE version: OpenJDK Runtime Environment Microsoft-8035246 (17.0.8+7) (build 17.0.8+7-LTS)
# Java VM: OpenJDK 64-Bit Server VM Microsoft-8035246 (17.0.8+7-LTS, mixed mode, sharing, tiered, compressed oops, compressed class ptrs, g1 gc, windows-amd64)
GC Precious Log:
 CPUs: 12 total, 12 available
 Memory: 15775M
 Large Page Support: Disabled
 NUMA Support: Disabled
 Compressed Oops: Enabled (32-bit)
 Heap Region Size: 1M
 Heap Min Capacity: 8M
 Heap Initial Capacity: 248M
 Heap Max Capacity: 2G
 Pre-touch: Disabled
 Parallel Workers: 10
 Concurrent Workers: 3
 Concurrent Refinement Workers: 10
 Periodic GC: Disabled
Heap:
 garbage-first heap   total 286720K, used 230069K [0x0000000080000000, 0x0000000100000000)
  region size 1024K, 49 young (50176K), 4 survivors (4096K)
 Metaspace       used 112290K, committed 113472K, reserved 557056K
  class space    used 15566K, committed 16128K, reserved 425984K
GC Heap History (20 events):
Event: 39.260 GC heap before
{Heap before GC invocations=47 (full 0):
 garbage-first heap   total 198656K, used 172762K [0x0000000080000000, 0x0000000100000000)
  region size 1024K, 15 young (15360K), 1 survivors (1024K)
 Metaspace       used 109370K, committed 110464K, reserved 557056K
  class space    used 15161K, committed 15680K, reserved 425984K
}
Event: 39.263 GC heap after
{Heap after GC invocations=48 (full 0):
 garbage-first heap   total 198656K, used 160186K [0x0000000080000000, 0x0000000100000000)
  region size 1024K, 2 young (2048K), 2 survivors (2048K)
 Metaspace       used 109370K, committed 110464K, reserved 557056K
  class space    used 15161K, committed 15680K, reserved 425984K
}
Event: 39.375 GC heap before
{Heap before GC invocations=48 (full 0):
 garbage-first heap   total 198656K, used 172474K [0x0000000080000000, 0x0000000100000000)
  region size 1024K, 14 young (14336K), 2 survivors (2048K)
 Metaspace       used 109732K, committed 110784K, reserved 557056K
  class space    used 15204K, committed 15680K, reserved 425984K
}
Event: 39.378 GC heap after
{Heap after GC invocations=49 (full 0):
 garbage-first heap   total 198656K, used 162158K [0x0000000080000000, 0x0000000100000000)
  region size 1024K, 2 young (2048K), 2 survivors (2048K)
 Metaspace       used 109732K, committed 110784K, reserved 557056K
  class space    used 15204K, committed 15680K, reserved 425984K
}
Event: 39.460 GC heap before
{Heap before GC invocations=49 (full 0):
 garbage-first heap   total 198656K, used 172398K [0x0000000080000000, 0x0000000100000000)
  region size 1024K, 12 young (12288K), 2 survivors (2048K)
 Metaspace       used 110009K, committed 111104K, reserved 557056K
  class space    used 15239K, committed 15744K, reserved 425984K
}
Event: 39.463 GC heap after
{Heap after GC invocations=50 (full 0):
 garbage-first heap   total 238592K, used 163560K [0x0000000080000000, 0x0000000100000000)
  region size 1024K, 2 young (2048K), 2 survivors (2048K)
 Metaspace       used 110009K, committed 111104K, reserved 557056K
  class space    used 15239K, committed 15744K, reserved 425984K
}
Event: 39.741 GC heap before
{Heap before GC invocations=50 (full 0):
 garbage-first heap   total 238592K, used 197352K [0x0000000080000000, 0x0000000100000000)
  region size 1024K, 35 young (35840K), 2 survivors (2048K)
 Metaspace       used 110310K, committed 111424K, reserved 557056K
  class space    used 15254K, committed 15744K, reserved 425984K
}
Event: 39.744 GC heap after
{Heap after GC invocations=51 (full 0):
 garbage-first heap   total 238592K, used 166744K [0x0000000080000000, 0x0000000100000000)
  region size 1024K, 5 young (5120K), 5 survivors (5120K)
 Metaspace       used 110310K, committed 111424K, reserved 557056K
  class space    used 15254K, committed 15744K, reserved 425984K
}
Event: 39.960 GC heap before
{Heap before GC invocations=51 (full 0):
 garbage-first heap   total 238592K, used 199512K [0x0000000080000000, 0x0000000100000000)
  region size 1024K, 37 young (37888K), 5 survivors (5120K)
 Metaspace       used 110681K, committed 111808K, reserved 557056K
  class space    used 15298K, committed 15808K, reserved 425984K
}
Event: 39.964 GC heap after
{Heap after GC invocations=52 (full 0):
 garbage-first heap   total 238592K, used 170523K [0x0000000080000000, 0x0000000100000000)
  region size 1024K, 5 young (5120K), 5 survivors (5120K)
 Metaspace       used 110681K, committed 111808K, reserved 557056K
  class space    used 15298K, committed 15808K, reserved 425984K
}
Event: 40.145 GC heap before
{Heap before GC invocations=52 (full 0):
 garbage-first heap   total 238592K, used 199195K [0x0000000080000000, 0x0000000100000000)
  region size 1024K, 34 young (34816K), 5 survivors (5120K)
 Metaspace       used 111615K, committed 112832K, reserved 557056K
  class space    used 15519K, committed 16064K, reserved 425984K
}
Event: 40.149 GC heap after
{Heap after GC invocations=53 (full 0):
 garbage-first heap   total 238592K, used 172780K [0x0000000080000000, 0x0000000100000000)
  region size 1024K, 3 young (3072K), 3 survivors (3072K)
 Metaspace       used 111615K, committed 112832K, reserved 557056K
  class space    used 15519K, committed 16064K, reserved 425984K
}
Event: 40.295 GC heap before
{Heap before GC invocations=53 (full 0):
 garbage-first heap   total 238592K, used 201452K [0x0000000080000000, 0x0000000100000000)
  region size 1024K, 32 young (32768K), 3 survivors (3072K)
 Metaspace       used 111817K, committed 112960K, reserved 557056K
  class space    used 15526K, committed 16064K, reserved 425984K
}
Event: 40.297 GC heap after
{Heap after GC invocations=54 (full 0):
 garbage-first heap   total 238592K, used 173984K [0x0000000080000000, 0x0000000100000000)
  region size 1024K, 2 young (2048K), 2 survivors (2048K)
 Metaspace       used 111817K, committed 112960K, reserved 557056K
  class space    used 15526K, committed 16064K, reserved 425984K
}
Event: 40.586 GC heap before
{Heap before GC invocations=54 (full 0):
 garbage-first heap   total 238592K, used 202656K [0x0000000080000000, 0x0000000100000000)
  region size 1024K, 31 young (31744K), 2 survivors (2048K)
 Metaspace       used 112111K, committed 113280K, reserved 557056K
  class space    used 15563K, committed 16064K, reserved 425984K
}
Event: 40.589 GC heap after
{Heap after GC invocations=55 (full 0):
 garbage-first heap   total 238592K, used 177505K [0x0000000080000000, 0x0000000100000000)
  region size 1024K, 4 young (4096K), 4 survivors (4096K)
 Metaspace       used 112111K, committed 113280K, reserved 557056K
  class space    used 15563K, committed 16064K, reserved 425984K
}
Event: 40.675 GC heap before
{Heap before GC invocations=55 (full 0):
 garbage-first heap   total 238592K, used 203105K [0x0000000080000000, 0x0000000100000000)
  region size 1024K, 30 young (30720K), 4 survivors (4096K)
 Metaspace       used 112168K, committed 113344K, reserved 557056K
  class space    used 15563K, committed 16064K, reserved 425984K
}
Event: 40.678 GC heap after
{Heap after GC invocations=56 (full 0):
 garbage-first heap   total 238592K, used 179587K [0x0000000080000000, 0x0000000100000000)
  region size 1024K, 3 young (3072K), 3 survivors (3072K)
 Metaspace       used 112168K, committed 113344K, reserved 557056K
  class space    used 15563K, committed 16064K, reserved 425984K
}
Event: 40.796 GC heap before
{Heap before GC invocations=56 (full 0):
 garbage-first heap   total 238592K, used 203139K [0x0000000080000000, 0x0000000100000000)
  region size 1024K, 27 young (27648K), 3 survivors (3072K)
 Metaspace       used 112199K, committed 113344K, reserved 557056K
  class space    used 15563K, committed 16064K, reserved 425984K
}
Event: 40.798 GC heap after
{Heap after GC invocations=57 (full 0):
 garbage-first heap   total 286720K, used 180917K [0x0000000080000000, 0x0000000100000000)
  region size 1024K, 4 young (4096K), 4 survivors (4096K)
 Metaspace       used 112199K, committed 113344K, reserved 557056K
  class space    used 15563K, committed 16064K, reserved 425984K
}

